<?xml version="1.0" encoding="UTF-8"?>
<!-- Generated by org.testng.reporters.JUnitXMLReporter -->
<testsuite ignored="6" hostname="DESKTOP-6MLC63T" failures="0" tests="5" name="Test" time="101.629" errors="0" timestamp="2023-07-14T11:10:01 IST">
  <testcase classname="sms_test.CreateExamTest" name="createExam" time="8.903"/>
  <testcase classname="sms_test.CreateExamTest" name="editExam" time="0.005"/>
  <testcase classname="sms_test.CreateStudentTest" name="createStudent" time="14.888"/>
  <testcase classname="sms_test.CreateTeacherTest" name="createTeacher" time="10.36"/>
  <testcase classname="sms_test.CreateExamTimetableTest" name="createExamTimetable" time="9.895"/>
  <testcase classname="com.ish.genericutility.BaseClass" name="@BeforeSuite connectToDB" time="0.0">
    <ignored/>
  </testcase> <!-- @BeforeSuite connectToDB -->
  <testcase classname="com.ish.genericutility.BaseClass" name="@BeforeSuite connectToDB" time="0.0">
    <ignored/>
  </testcase> <!-- @BeforeSuite connectToDB -->
  <testcase classname="com.ish.genericutility.BaseClass" name="@BeforeSuite connectToDB" time="0.0">
    <ignored/>
  </testcase> <!-- @BeforeSuite connectToDB -->
  <testcase classname="com.ish.genericutility.BaseClass" name="@AfterSuite closeDB" time="0.0">
    <ignored/>
  </testcase> <!-- @AfterSuite closeDB -->
  <testcase classname="com.ish.genericutility.BaseClass" name="@AfterSuite closeDB" time="0.0">
    <ignored/>
  </testcase> <!-- @AfterSuite closeDB -->
  <testcase classname="com.ish.genericutility.BaseClass" name="@AfterSuite closeDB" time="0.0">
    <ignored/>
  </testcase> <!-- @AfterSuite closeDB -->
</testsuite> <!-- Test -->
